<?xml version="1.0" encoding="UTF-8" ?>
<testsuite tests="9" failures="0" name="runner.RunCucumberTest" time="130.027" errors="0" skipped="0">
  <properties>
[...]
</properties>
  <testcase classname="Project Creation" name="Project Creation" time="20.013"/>
  <testcase classname="Project Creation" name="Project Edit" time="14.217"/>
  <testcase classname="Project Creation" name="Project Delete #1" time="8.792"/>
  <testcase classname="Project Creation" name="Fill in Overall information" time="19.001"/>
  <testcase classname="Project Creation" name="Edit in Overall Information" time="18.683"/>
  <testcase classname="Project Creation" name="Fill in Research Questions" time="13.994"/>
  <testcase classname="Project Creation" name="Edit in Research Questions" time="13.255"/>
  <testcase classname="Project Creation" name="select Database" time="10.95"/>
  <testcase classname="Project Creation" name="Project Delete #2" time="11.122"/>
</testsuite>